  ant.cpp
  lib_io.cpp
D:\Coding\C++\AntAlgorithm\lib_io.cpp(20,16): error C4996: 'fopen': This function or variable may be unsafe. Consider using fopen_s instead. To disable deprecation, use _CRT_SECURE_NO_WARNINGS. See online help for details.
D:\Coding\C++\AntAlgorithm\lib_io.cpp(25,66): error C4996: 'strerror': This function or variable may be unsafe. Consider using strerror_s instead. To disable deprecation, use _CRT_SECURE_NO_WARNINGS. See online help for details.
D:\Coding\C++\AntAlgorithm\lib_io.cpp(35,9): error C4996: 'strncpy': This function or variable may be unsafe. Consider using strncpy_s instead. To disable deprecation, use _CRT_SECURE_NO_WARNINGS. See online help for details.
  main.cpp
D:\Coding\C++\AntAlgorithm\main.cpp(56,12): warning C4244: “参数”: 从“time_t”转换到“unsigned int”，可能丢失数据
D:\Coding\C++\AntAlgorithm\main.cpp(59,14): error C2440: “=”: 无法从“const char [9]”转换为“char *”
D:\Coding\C++\AntAlgorithm\main.cpp(59,14): message : 从字符串文本转换将丢失 const 限定符(请参阅 /Zc:strictStrings)
  map.cpp
D:\Coding\C++\AntAlgorithm\map.cpp(209,26): warning C4267: “return”: 从“size_t”转换到“int”，可能丢失数据
D:\Coding\C++\AntAlgorithm\map.cpp(226,25): warning C4267: “return”: 从“size_t”转换到“int”，可能丢失数据
D:\Coding\C++\AntAlgorithm\map.cpp(274,20): warning C4267: “return”: 从“size_t”转换到“int”，可能丢失数据
D:\Coding\C++\AntAlgorithm\map.cpp(308,22): warning C4267: “return”: 从“size_t”转换到“int”，可能丢失数据
D:\Coding\C++\AntAlgorithm\map.cpp(352,22): warning C4267: “return”: 从“size_t”转换到“int”，可能丢失数据
  set.cpp
  ShortestPath.cpp
D:\Coding\C++\AntAlgorithm\ShortestPath.cpp(34,61): warning C4267: “参数”: 从“size_t”转换到“_Ty”，可能丢失数据
          with
          [
              _Ty=int
          ]
  正在生成代码...
